# JRE version: OpenJDK Runtime Environment Temurin-21.0.8+9 (21.0.8+9) (build 21.0.8+9-LTS)
# Java VM: OpenJDK 64-Bit Server VM Temurin-21.0.8+9 (21.0.8+9-LTS, mixed mode, sharing, tiered, compressed oops, compressed class ptrs, parallel gc, windows-amd64)
GC Precious Log:
 CardTable entry size: 512
 CPUs: 12 total, 12 available
 Memory: 5828M
 Large Page Support: Disabled
 NUMA Support: Disabled
 Compressed Oops: Enabled (32-bit)
 Alignments: Space 512K, Generation 512K, Heap 2M
 Heap Min Capacity: 100M
 Heap Initial Capacity: 100M
 Heap Max Capacity: 2G
 Pre-touch: Disabled
 Parallel Workers: 10
Heap:
 PSYoungGen      total 18432K, used 18080K [0x00000000d5580000, 0x00000000d6900000, 0x0000000100000000)
  eden space 17408K, 99% used [0x00000000d5580000,0x00000000d667fff0,0x00000000d6680000)
  from space 1024K, 65% used [0x00000000d6700000,0x00000000d67a8020,0x00000000d6800000)
  to   space 1024K, 0% used [0x00000000d6800000,0x00000000d6800000,0x00000000d6900000)
 ParOldGen       total 157184K, used 157089K [0x0000000080000000, 0x0000000089980000, 0x00000000d5580000)
  object space 157184K, 99% used [0x0000000080000000,0x0000000089968750,0x0000000089980000)
 Metaspace       used 32335K, committed 33664K, reserved 1114112K
  class space    used 3069K, committed 3648K, reserved 1048576K
GC Heap History (20 events):
Event: 4042.080 GC heap before
{Heap before GC invocations=69 (full 1):
 PSYoungGen      total 19456K, used 17536K [0x00000000d5580000, 0x00000000d6a80000, 0x0000000100000000)
  eden space 17408K, 100% used [0x00000000d5580000,0x00000000d6680000,0x00000000d6680000)
  from space 2048K, 6% used [0x00000000d6680000,0x00000000d66a0000,0x00000000d6880000)
  to   space 1024K, 0% used [0x00000000d6980000,0x00000000d6980000,0x00000000d6a80000)
 ParOldGen       total 148992K, used 148932K [0x0000000080000000, 0x0000000089180000, 0x00000000d5580000)
  object space 148992K, 99% used [0x0000000080000000,0x0000000089171398,0x0000000089180000)
 Metaspace       used 27274K, committed 28352K, reserved 1114112K
  class space    used 2393K, committed 2880K, reserved 1048576K
}
Event: 4042.082 GC heap after
{Heap after GC invocations=69 (full 1):
 PSYoungGen      total 17920K, used 256K [0x00000000d5580000, 0x00000000d6a00000, 0x0000000100000000)
  eden space 17408K, 0% used [0x00000000d5580000,0x00000000d5580000,0x00000000d6680000)
  from space 512K, 50% used [0x00000000d6980000,0x00000000d69c0000,0x00000000d6a00000)
  to   space 512K, 0% used [0x00000000d6900000,0x00000000d6900000,0x00000000d6980000)
 ParOldGen       total 148992K, used 148956K [0x0000000080000000, 0x0000000089180000, 0x00000000d5580000)
  object space 148992K, 99% used [0x0000000080000000,0x0000000089177398,0x0000000089180000)
 Metaspace       used 27274K, committed 28352K, reserved 1114112K
  class space    used 2393K, committed 2880K, reserved 1048576K
}
Event: 4213.804 GC heap before
{Heap before GC invocations=70 (full 1):
 PSYoungGen      total 17920K, used 17664K [0x00000000d5580000, 0x00000000d6a00000, 0x0000000100000000)
  eden space 17408K, 100% used [0x00000000d5580000,0x00000000d6680000,0x00000000d6680000)
  from space 512K, 50% used [0x00000000d6980000,0x00000000d69c0000,0x00000000d6a00000)
  to   space 512K, 0% used [0x00000000d6900000,0x00000000d6900000,0x00000000d6980000)
 ParOldGen       total 148992K, used 148956K [0x0000000080000000, 0x0000000089180000, 0x00000000d5580000)
  object space 148992K, 99% used [0x0000000080000000,0x0000000089177398,0x0000000089180000)
 Metaspace       used 27489K, committed 28672K, reserved 1114112K
  class space    used 2401K, committed 2880K, reserved 1048576K
}
Event: 4213.847 GC heap after
{Heap after GC invocations=70 (full 1):
 PSYoungGen      total 17920K, used 480K [0x00000000d5580000, 0x00000000d6c80000, 0x0000000100000000)
  eden space 17408K, 0% used [0x00000000d5580000,0x00000000d5580000,0x00000000d6680000)
  from space 512K, 93% used [0x00000000d6900000,0x00000000d6978010,0x00000000d6980000)
  to   space 3072K, 0% used [0x00000000d6980000,0x00000000d6980000,0x00000000d6c80000)
 ParOldGen       total 151040K, used 150898K [0x0000000080000000, 0x0000000089380000, 0x00000000d5580000)
  object space 151040K, 99% used [0x0000000080000000,0x000000008935caf8,0x0000000089380000)
 Metaspace       used 27489K, committed 28672K, reserved 1114112K
  class space    used 2401K, committed 2880K, reserved 1048576K
}
Event: 4222.476 GC heap before
{Heap before GC invocations=71 (full 1):
 PSYoungGen      total 17920K, used 17872K [0x00000000d5580000, 0x00000000d6c80000, 0x0000000100000000)
  eden space 17408K, 99% used [0x00000000d5580000,0x00000000d667c178,0x00000000d6680000)
  from space 512K, 93% used [0x00000000d6900000,0x00000000d6978010,0x00000000d6980000)
  to   space 3072K, 0% used [0x00000000d6980000,0x00000000d6980000,0x00000000d6c80000)
 ParOldGen       total 151040K, used 150898K [0x0000000080000000, 0x0000000089380000, 0x00000000d5580000)
  object space 151040K, 99% used [0x0000000080000000,0x000000008935caf8,0x0000000089380000)
 Metaspace       used 27904K, committed 29056K, reserved 1114112K
  class space    used 2443K, committed 2944K, reserved 1048576K
}
Event: 4222.486 GC heap after
{Heap after GC invocations=71 (full 1):
 PSYoungGen      total 19456K, used 2047K [0x00000000d5580000, 0x00000000d6b80000, 0x0000000100000000)
  eden space 17408K, 0% used [0x00000000d5580000,0x00000000d5580000,0x00000000d6680000)
  from space 2048K, 99% used [0x00000000d6980000,0x00000000d6b7ff38,0x00000000d6b80000)
  to   space 2560K, 0% used [0x00000000d6680000,0x00000000d6680000,0x00000000d6900000)
 ParOldGen       total 151552K, used 151362K [0x0000000080000000, 0x0000000089400000, 0x00000000d5580000)
  object space 151552K, 99% used [0x0000000080000000,0x00000000893d0b08,0x0000000089400000)
 Metaspace       used 27904K, committed 29056K, reserved 1114112K
  class space    used 2443K, committed 2944K, reserved 1048576K
}
Event: 4223.736 GC heap before
{Heap before GC invocations=72 (full 1):
 PSYoungGen      total 19456K, used 19455K [0x00000000d5580000, 0x00000000d6b80000, 0x0000000100000000)
  eden space 17408K, 100% used [0x00000000d5580000,0x00000000d6680000,0x00000000d6680000)
  from space 2048K, 99% used [0x00000000d6980000,0x00000000d6b7ff38,0x00000000d6b80000)
  to   space 2560K, 0% used [0x00000000d6680000,0x00000000d6680000,0x00000000d6900000)
 ParOldGen       total 151552K, used 151362K [0x0000000080000000, 0x0000000089400000, 0x00000000d5580000)
  object space 151552K, 99% used [0x0000000080000000,0x00000000893d0b08,0x0000000089400000)
 Metaspace       used 29630K, committed 30784K, reserved 1114112K
  class space    used 2687K, committed 3200K, reserved 1048576K
}
Event: 4223.740 GC heap after
{Heap after GC invocations=72 (full 1):
 PSYoungGen      total 18432K, used 609K [0x00000000d5580000, 0x00000000d6a00000, 0x0000000100000000)
  eden space 17408K, 0% used [0x00000000d5580000,0x00000000d5580000,0x00000000d6680000)
  from space 1024K, 59% used [0x00000000d6680000,0x00000000d67185d8,0x00000000d6780000)
  to   space 1536K, 0% used [0x00000000d6880000,0x00000000d6880000,0x00000000d6a00000)
 ParOldGen       total 153600K, used 153205K [0x0000000080000000, 0x0000000089600000, 0x00000000d5580000)
  object space 153600K, 99% used [0x0000000080000000,0x000000008959d768,0x0000000089600000)
 Metaspace       used 29630K, committed 30784K, reserved 1114112K
  class space    used 2687K, committed 3200K, reserved 1048576K
}
Event: 4232.485 GC heap before
{Heap before GC invocations=73 (full 1):
 PSYoungGen      total 18432K, used 18017K [0x00000000d5580000, 0x00000000d6a00000, 0x0000000100000000)
  eden space 17408K, 100% used [0x00000000d5580000,0x00000000d6680000,0x00000000d6680000)
  from space 1024K, 59% used [0x00000000d6680000,0x00000000d67185d8,0x00000000d6780000)
  to   space 1536K, 0% used [0x00000000d6880000,0x00000000d6880000,0x00000000d6a00000)
 ParOldGen       total 153600K, used 153205K [0x0000000080000000, 0x0000000089600000, 0x00000000d5580000)
  object space 153600K, 99% used [0x0000000080000000,0x000000008959d768,0x0000000089600000)
 Metaspace       used 31707K, committed 32960K, reserved 1114112K
  class space    used 3036K, committed 3584K, reserved 1048576K
}
Event: 4232.490 GC heap after
{Heap after GC invocations=73 (full 1):
 PSYoungGen      total 18432K, used 736K [0x00000000d5580000, 0x00000000d6980000, 0x0000000100000000)
  eden space 17408K, 0% used [0x00000000d5580000,0x00000000d5580000,0x00000000d6680000)
  from space 1024K, 71% used [0x00000000d6880000,0x00000000d6938000,0x00000000d6980000)
  to   space 1024K, 0% used [0x00000000d6680000,0x00000000d6680000,0x00000000d6780000)
 ParOldGen       total 154112K, used 153639K [0x0000000080000000, 0x0000000089680000, 0x00000000d5580000)
  object space 154112K, 99% used [0x0000000080000000,0x0000000089609d60,0x0000000089680000)
 Metaspace       used 31707K, committed 32960K, reserved 1114112K
  class space    used 3036K, committed 3584K, reserved 1048576K
}
Event: 4292.529 GC heap before
{Heap before GC invocations=74 (full 1):
 PSYoungGen      total 18432K, used 18144K [0x00000000d5580000, 0x00000000d6980000, 0x0000000100000000)
  eden space 17408K, 100% used [0x00000000d5580000,0x00000000d6680000,0x00000000d6680000)
  from space 1024K, 71% used [0x00000000d6880000,0x00000000d6938000,0x00000000d6980000)
  to   space 1024K, 0% used [0x00000000d6680000,0x00000000d6680000,0x00000000d6780000)
 ParOldGen       total 154112K, used 153639K [0x0000000080000000, 0x0000000089680000, 0x00000000d5580000)
  object space 154112K, 99% used [0x0000000080000000,0x0000000089609d60,0x0000000089680000)
 Metaspace       used 31928K, committed 33152K, reserved 1114112K
  class space    used 3051K, committed 3584K, reserved 1048576K
}
Event: 4292.591 GC heap after
{Heap after GC invocations=74 (full 1):
 PSYoungGen      total 18432K, used 1008K [0x00000000d5580000, 0x00000000d6b80000, 0x0000000100000000)
  eden space 17408K, 0% used [0x00000000d5580000,0x00000000d5580000,0x00000000d6680000)
  from space 1024K, 98% used [0x00000000d6680000,0x00000000d677c030,0x00000000d6780000)
  to   space 2560K, 0% used [0x00000000d6900000,0x00000000d6900000,0x00000000d6b80000)
 ParOldGen       total 154624K, used 154490K [0x0000000080000000, 0x0000000089700000, 0x00000000d5580000)
  object space 154624K, 99% used [0x0000000080000000,0x00000000896de990,0x0000000089700000)
 Metaspace       used 31928K, committed 33152K, reserved 1114112K
  class space    used 3051K, committed 3584K, reserved 1048576K
}
Event: 4312.073 GC heap before
{Heap before GC invocations=75 (full 1):
 PSYoungGen      total 18432K, used 18416K [0x00000000d5580000, 0x00000000d6b80000, 0x0000000100000000)
  eden space 17408K, 100% used [0x00000000d5580000,0x00000000d6680000,0x00000000d6680000)
  from space 1024K, 98% used [0x00000000d6680000,0x00000000d677c030,0x00000000d6780000)
  to   space 2560K, 0% used [0x00000000d6900000,0x00000000d6900000,0x00000000d6b80000)
 ParOldGen       total 154624K, used 154490K [0x0000000080000000, 0x0000000089700000, 0x00000000d5580000)
  object space 154624K, 99% used [0x0000000080000000,0x00000000896de990,0x0000000089700000)
 Metaspace       used 31956K, committed 33216K, reserved 1114112K
  class space    used 3051K, committed 3584K, reserved 1048576K
}
Event: 4312.092 GC heap after
{Heap after GC invocations=75 (full 1):
 PSYoungGen      total 18432K, used 800K [0x00000000d5580000, 0x00000000d6a00000, 0x0000000100000000)
  eden space 17408K, 0% used [0x00000000d5580000,0x00000000d5580000,0x00000000d6680000)
  from space 1024K, 78% used [0x00000000d6900000,0x00000000d69c8040,0x00000000d6a00000)
  to   space 1536K, 0% used [0x00000000d6700000,0x00000000d6700000,0x00000000d6880000)
 ParOldGen       total 155648K, used 155449K [0x0000000080000000, 0x0000000089800000, 0x00000000d5580000)
  object space 155648K, 99% used [0x0000000080000000,0x00000000897ce740,0x0000000089800000)
 Metaspace       used 31956K, committed 33216K, reserved 1114112K
  class space    used 3051K, committed 3584K, reserved 1048576K
}
Event: 4327.768 GC heap before
{Heap before GC invocations=76 (full 1):
 PSYoungGen      total 18432K, used 18208K [0x00000000d5580000, 0x00000000d6a00000, 0x0000000100000000)
  eden space 17408K, 99% used [0x00000000d5580000,0x00000000d667ffe8,0x00000000d6680000)
  from space 1024K, 78% used [0x00000000d6900000,0x00000000d69c8040,0x00000000d6a00000)
  to   space 1536K, 0% used [0x00000000d6700000,0x00000000d6700000,0x00000000d6880000)
 ParOldGen       total 155648K, used 155449K [0x0000000080000000, 0x0000000089800000, 0x00000000d5580000)
  object space 155648K, 99% used [0x0000000080000000,0x00000000897ce740,0x0000000089800000)
 Metaspace       used 32039K, committed 33280K, reserved 1114112K
  class space    used 3051K, committed 3584K, reserved 1048576K
}
Event: 4327.785 GC heap after
{Heap after GC invocations=76 (full 1):
 PSYoungGen      total 18944K, used 1136K [0x00000000d5580000, 0x00000000d6980000, 0x0000000100000000)
  eden space 17408K, 0% used [0x00000000d5580000,0x00000000d5580000,0x00000000d6680000)
  from space 1536K, 73% used [0x00000000d6700000,0x00000000d681c010,0x00000000d6880000)
  to   space 1024K, 0% used [0x00000000d6880000,0x00000000d6880000,0x00000000d6980000)
 ParOldGen       total 156160K, used 156126K [0x0000000080000000, 0x0000000089880000, 0x00000000d5580000)
  object space 156160K, 99% used [0x0000000080000000,0x0000000089877980,0x0000000089880000)
 Metaspace       used 32039K, committed 33280K, reserved 1114112K
  class space    used 3051K, committed 3584K, reserved 1048576K
}
Event: 4333.368 GC heap before
{Heap before GC invocations=77 (full 1):
 PSYoungGen      total 18944K, used 18544K [0x00000000d5580000, 0x00000000d6980000, 0x0000000100000000)
  eden space 17408K, 100% used [0x00000000d5580000,0x00000000d6680000,0x00000000d6680000)
  from space 1536K, 73% used [0x00000000d6700000,0x00000000d681c010,0x00000000d6880000)
  to   space 1024K, 0% used [0x00000000d6880000,0x00000000d6880000,0x00000000d6980000)
 ParOldGen       total 156160K, used 156126K [0x0000000080000000, 0x0000000089880000, 0x00000000d5580000)
  object space 156160K, 99% used [0x0000000080000000,0x0000000089877980,0x0000000089880000)
 Metaspace       used 32043K, committed 33280K, reserved 1114112K
  class space    used 3051K, committed 3584K, reserved 1048576K
}
Event: 4333.370 GC heap after
{Heap after GC invocations=77 (full 1):
 PSYoungGen      total 17920K, used 256K [0x00000000d5580000, 0x00000000d6900000, 0x0000000100000000)
  eden space 17408K, 0% used [0x00000000d5580000,0x00000000d5580000,0x00000000d6680000)
  from space 512K, 50% used [0x00000000d6880000,0x00000000d68c0000,0x00000000d6900000)
  to   space 1024K, 0% used [0x00000000d6700000,0x00000000d6700000,0x00000000d6800000)
 ParOldGen       total 157184K, used 157041K [0x0000000080000000, 0x0000000089980000, 0x00000000d5580000)
  object space 157184K, 99% used [0x0000000080000000,0x000000008995c750,0x0000000089980000)
 Metaspace       used 32043K, committed 33280K, reserved 1114112K
  class space    used 3051K, committed 3584K, reserved 1048576K
}
Event: 4499.053 GC heap before
{Heap before GC invocations=78 (full 1):
 PSYoungGen      total 17920K, used 17664K [0x00000000d5580000, 0x00000000d6900000, 0x0000000100000000)
  eden space 17408K, 100% used [0x00000000d5580000,0x00000000d6680000,0x00000000d6680000)
  from space 512K, 50% used [0x00000000d6880000,0x00000000d68c0000,0x00000000d6900000)
  to   space 1024K, 0% used [0x00000000d6700000,0x00000000d6700000,0x00000000d6800000)
 ParOldGen       total 157184K, used 157041K [0x0000000080000000, 0x0000000089980000, 0x00000000d5580000)
  object space 157184K, 99% used [0x0000000080000000,0x000000008995c750,0x0000000089980000)
 Metaspace       used 32222K, committed 33472K, reserved 1114112K
  class space    used 3059K, committed 3584K, reserved 1048576K
}
Event: 4499.092 GC heap after
{Heap after GC invocations=78 (full 1):
 PSYoungGen      total 18432K, used 672K [0x00000000d5580000, 0x00000000d6900000, 0x0000000100000000)
  eden space 17408K, 0% used [0x00000000d5580000,0x00000000d5580000,0x00000000d6680000)
  from space 1024K, 65% used [0x00000000d6700000,0x00000000d67a8020,0x00000000d6800000)
  to   space 1024K, 0% used [0x00000000d6800000,0x00000000d6800000,0x00000000d6900000)
 ParOldGen       total 157184K, used 157089K [0x0000000080000000, 0x0000000089980000, 0x00000000d5580000)
  object space 157184K, 99% used [0x0000000080000000,0x0000000089968750,0x0000000089980000)
 Metaspace       used 32222K, committed 33472K, reserved 1114112K
  class space    used 3059K, committed 3584K, reserved 1048576K
}

