# JRE version: OpenJDK Runtime Environment Temurin-21.0.8+9 (21.0.8+9) (build 21.0.8+9-LTS)
# Java VM: OpenJDK 64-Bit Server VM Temurin-21.0.8+9 (21.0.8+9-LTS, mixed mode, sharing, tiered, compressed oops, compressed class ptrs, parallel gc, windows-amd64)
GC Precious Log:
 CardTable entry size: 512
 CPUs: 12 total, 12 available
 Memory: 5828M
 Large Page Support: Disabled
 NUMA Support: Disabled
 Compressed Oops: Enabled (32-bit)
 Alignments: Space 512K, Generation 512K, Heap 2M
 Heap Min Capacity: 100M
 Heap Initial Capacity: 100M
 Heap Max Capacity: 2G
 Pre-touch: Disabled
 Parallel Workers: 10
Heap:
 PSYoungGen      total 3584K, used 3173K [0x00000000d5580000, 0x00000000d5a00000, 0x0000000100000000)
  eden space 2560K, 96% used [0x00000000d5580000,0x00000000d57e9520,0x00000000d5800000)
  from space 1024K, 68% used [0x00000000d5900000,0x00000000d59b0020,0x00000000d5a00000)
  to   space 1024K, 0% used [0x00000000d5800000,0x00000000d5800000,0x00000000d5900000)
 ParOldGen       total 244224K, used 244097K [0x0000000080000000, 0x000000008ee80000, 0x00000000d5580000)
  object space 244224K, 99% used [0x0000000080000000,0x000000008ee60768,0x000000008ee80000)
 Metaspace       used 27266K, committed 28352K, reserved 1114112K
  class space    used 2397K, committed 2816K, reserved 1048576K
GC Heap History (20 events):
Event: 44.577 GC heap before
{Heap before GC invocations=200 (full 1):
 PSYoungGen      total 1024K, used 672K [0x00000000d5580000, 0x00000000d5980000, 0x0000000100000000)
  eden space 512K, 100% used [0x00000000d5580000,0x00000000d5600000,0x00000000d5600000)
  from space 512K, 31% used [0x00000000d5900000,0x00000000d5928000,0x00000000d5980000)
  to   space 512K, 0% used [0x00000000d5600000,0x00000000d5600000,0x00000000d5680000)
 ParOldGen       total 239616K, used 239367K [0x0000000080000000, 0x000000008ea00000, 0x00000000d5580000)
  object space 239616K, 99% used [0x0000000080000000,0x000000008e9c1f60,0x000000008ea00000)
 Metaspace       used 27147K, committed 28224K, reserved 1114112K
  class space    used 2397K, committed 2816K, reserved 1048576K
}
Event: 44.578 GC heap after
{Heap after GC invocations=200 (full 1):
 PSYoungGen      total 1024K, used 352K [0x00000000d5580000, 0x00000000d5980000, 0x0000000100000000)
  eden space 512K, 0% used [0x00000000d5580000,0x00000000d5580000,0x00000000d5600000)
  from space 512K, 68% used [0x00000000d5600000,0x00000000d5658000,0x00000000d5680000)
  to   space 512K, 0% used [0x00000000d5900000,0x00000000d5900000,0x00000000d5980000)
 ParOldGen       total 239616K, used 239436K [0x0000000080000000, 0x000000008ea00000, 0x00000000d5580000)
  object space 239616K, 99% used [0x0000000080000000,0x000000008e9d3370,0x000000008ea00000)
 Metaspace       used 27147K, committed 28224K, reserved 1114112K
  class space    used 2397K, committed 2816K, reserved 1048576K
}
Event: 44.592 GC heap before
{Heap before GC invocations=201 (full 1):
 PSYoungGen      total 1024K, used 864K [0x00000000d5580000, 0x00000000d5980000, 0x0000000100000000)
  eden space 512K, 100% used [0x00000000d5580000,0x00000000d5600000,0x00000000d5600000)
  from space 512K, 68% used [0x00000000d5600000,0x00000000d5658000,0x00000000d5680000)
  to   space 512K, 0% used [0x00000000d5900000,0x00000000d5900000,0x00000000d5980000)
 ParOldGen       total 239616K, used 239436K [0x0000000080000000, 0x000000008ea00000, 0x00000000d5580000)
  object space 239616K, 99% used [0x0000000080000000,0x000000008e9d3370,0x000000008ea00000)
 Metaspace       used 27147K, committed 28224K, reserved 1114112K
  class space    used 2397K, committed 2816K, reserved 1048576K
}
Event: 44.593 GC heap after
{Heap after GC invocations=201 (full 1):
 PSYoungGen      total 1024K, used 416K [0x00000000d5580000, 0x00000000d5980000, 0x0000000100000000)
  eden space 512K, 0% used [0x00000000d5580000,0x00000000d5580000,0x00000000d5600000)
  from space 512K, 81% used [0x00000000d5900000,0x00000000d5968000,0x00000000d5980000)
  to   space 512K, 0% used [0x00000000d5600000,0x00000000d5600000,0x00000000d5680000)
 ParOldGen       total 239616K, used 239585K [0x0000000080000000, 0x000000008ea00000, 0x00000000d5580000)
  object space 239616K, 99% used [0x0000000080000000,0x000000008e9f86a8,0x000000008ea00000)
 Metaspace       used 27147K, committed 28224K, reserved 1114112K
  class space    used 2397K, committed 2816K, reserved 1048576K
}
Event: 44.593 GC heap before
{Heap before GC invocations=202 (full 1):
 PSYoungGen      total 1024K, used 928K [0x00000000d5580000, 0x00000000d5980000, 0x0000000100000000)
  eden space 512K, 100% used [0x00000000d5580000,0x00000000d5600000,0x00000000d5600000)
  from space 512K, 81% used [0x00000000d5900000,0x00000000d5968000,0x00000000d5980000)
  to   space 512K, 0% used [0x00000000d5600000,0x00000000d5600000,0x00000000d5680000)
 ParOldGen       total 239616K, used 239585K [0x0000000080000000, 0x000000008ea00000, 0x00000000d5580000)
  object space 239616K, 99% used [0x0000000080000000,0x000000008e9f86a8,0x000000008ea00000)
 Metaspace       used 27147K, committed 28224K, reserved 1114112K
  class space    used 2397K, committed 2816K, reserved 1048576K
}
Event: 44.594 GC heap after
{Heap after GC invocations=202 (full 1):
 PSYoungGen      total 1024K, used 448K [0x00000000d5580000, 0x00000000d5980000, 0x0000000100000000)
  eden space 512K, 0% used [0x00000000d5580000,0x00000000d5580000,0x00000000d5600000)
  from space 512K, 87% used [0x00000000d5600000,0x00000000d5670000,0x00000000d5680000)
  to   space 512K, 0% used [0x00000000d5900000,0x00000000d5900000,0x00000000d5980000)
 ParOldGen       total 240128K, used 239889K [0x0000000080000000, 0x000000008ea80000, 0x00000000d5580000)
  object space 240128K, 99% used [0x0000000080000000,0x000000008ea446a8,0x000000008ea80000)
 Metaspace       used 27147K, committed 28224K, reserved 1114112K
  class space    used 2397K, committed 2816K, reserved 1048576K
}
Event: 44.595 GC heap before
{Heap before GC invocations=203 (full 1):
 PSYoungGen      total 1024K, used 959K [0x00000000d5580000, 0x00000000d5980000, 0x0000000100000000)
  eden space 512K, 99% used [0x00000000d5580000,0x00000000d55fffe0,0x00000000d5600000)
  from space 512K, 87% used [0x00000000d5600000,0x00000000d5670000,0x00000000d5680000)
  to   space 512K, 0% used [0x00000000d5900000,0x00000000d5900000,0x00000000d5980000)
 ParOldGen       total 240128K, used 239889K [0x0000000080000000, 0x000000008ea80000, 0x00000000d5580000)
  object space 240128K, 99% used [0x0000000080000000,0x000000008ea446a8,0x000000008ea80000)
 Metaspace       used 27147K, committed 28224K, reserved 1114112K
  class space    used 2397K, committed 2816K, reserved 1048576K
}
Event: 44.597 GC heap after
{Heap after GC invocations=203 (full 1):
 PSYoungGen      total 1536K, used 384K [0x00000000d5580000, 0x00000000d5980000, 0x0000000100000000)
  eden space 1024K, 0% used [0x00000000d5580000,0x00000000d5580000,0x00000000d5680000)
  from space 512K, 75% used [0x00000000d5900000,0x00000000d5960000,0x00000000d5980000)
  to   space 512K, 0% used [0x00000000d5880000,0x00000000d5880000,0x00000000d5900000)
 ParOldGen       total 240640K, used 240233K [0x0000000080000000, 0x000000008eb00000, 0x00000000d5580000)
  object space 240640K, 99% used [0x0000000080000000,0x000000008ea9a6a8,0x000000008eb00000)
 Metaspace       used 27147K, committed 28224K, reserved 1114112K
  class space    used 2397K, committed 2816K, reserved 1048576K
}
Event: 44.598 GC heap before
{Heap before GC invocations=204 (full 1):
 PSYoungGen      total 1536K, used 1408K [0x00000000d5580000, 0x00000000d5980000, 0x0000000100000000)
  eden space 1024K, 100% used [0x00000000d5580000,0x00000000d5680000,0x00000000d5680000)
  from space 512K, 75% used [0x00000000d5900000,0x00000000d5960000,0x00000000d5980000)
  to   space 512K, 0% used [0x00000000d5880000,0x00000000d5880000,0x00000000d5900000)
 ParOldGen       total 240640K, used 240233K [0x0000000080000000, 0x000000008eb00000, 0x00000000d5580000)
  object space 240640K, 99% used [0x0000000080000000,0x000000008ea9a6a8,0x000000008eb00000)
 Metaspace       used 27147K, committed 28224K, reserved 1114112K
  class space    used 2397K, committed 2816K, reserved 1048576K
}
Event: 44.599 GC heap after
{Heap after GC invocations=204 (full 1):
 PSYoungGen      total 2048K, used 512K [0x00000000d5580000, 0x00000000d5980000, 0x0000000100000000)
  eden space 1536K, 0% used [0x00000000d5580000,0x00000000d5580000,0x00000000d5700000)
  from space 512K, 100% used [0x00000000d5880000,0x00000000d5900000,0x00000000d5900000)
  to   space 512K, 0% used [0x00000000d5900000,0x00000000d5900000,0x00000000d5980000)
 ParOldGen       total 240640K, used 240497K [0x0000000080000000, 0x000000008eb00000, 0x00000000d5580000)
  object space 240640K, 99% used [0x0000000080000000,0x000000008eadc6a8,0x000000008eb00000)
 Metaspace       used 27147K, committed 28224K, reserved 1114112K
  class space    used 2397K, committed 2816K, reserved 1048576K
}
Event: 44.607 GC heap before
{Heap before GC invocations=205 (full 1):
 PSYoungGen      total 2048K, used 2048K [0x00000000d5580000, 0x00000000d5980000, 0x0000000100000000)
  eden space 1536K, 100% used [0x00000000d5580000,0x00000000d5700000,0x00000000d5700000)
  from space 512K, 100% used [0x00000000d5880000,0x00000000d5900000,0x00000000d5900000)
  to   space 512K, 0% used [0x00000000d5900000,0x00000000d5900000,0x00000000d5980000)
 ParOldGen       total 240640K, used 240497K [0x0000000080000000, 0x000000008eb00000, 0x00000000d5580000)
  object space 240640K, 99% used [0x0000000080000000,0x000000008eadc6a8,0x000000008eb00000)
 Metaspace       used 27152K, committed 28224K, reserved 1114112K
  class space    used 2397K, committed 2816K, reserved 1048576K
}
Event: 44.615 GC heap after
{Heap after GC invocations=205 (full 1):
 PSYoungGen      total 2560K, used 512K [0x00000000d5580000, 0x00000000d5a80000, 0x0000000100000000)
  eden space 2048K, 0% used [0x00000000d5580000,0x00000000d5580000,0x00000000d5780000)
  from space 512K, 100% used [0x00000000d5900000,0x00000000d5980000,0x00000000d5980000)
  to   space 1536K, 0% used [0x00000000d5780000,0x00000000d5780000,0x00000000d5900000)
 ParOldGen       total 241664K, used 241238K [0x0000000080000000, 0x000000008ec00000, 0x00000000d5580000)
  object space 241664K, 99% used [0x0000000080000000,0x000000008eb95aa8,0x000000008ec00000)
 Metaspace       used 27152K, committed 28224K, reserved 1114112K
  class space    used 2397K, committed 2816K, reserved 1048576K
}
Event: 44.639 GC heap before
{Heap before GC invocations=206 (full 1):
 PSYoungGen      total 2560K, used 2450K [0x00000000d5580000, 0x00000000d5a80000, 0x0000000100000000)
  eden space 2048K, 94% used [0x00000000d5580000,0x00000000d5764b88,0x00000000d5780000)
  from space 512K, 100% used [0x00000000d5900000,0x00000000d5980000,0x00000000d5980000)
  to   space 1536K, 0% used [0x00000000d5780000,0x00000000d5780000,0x00000000d5900000)
 ParOldGen       total 241664K, used 241238K [0x0000000080000000, 0x000000008ec00000, 0x00000000d5580000)
  object space 241664K, 99% used [0x0000000080000000,0x000000008eb95aa8,0x000000008ec00000)
 Metaspace       used 27161K, committed 28224K, reserved 1114112K
  class space    used 2397K, committed 2816K, reserved 1048576K
}
Event: 44.640 GC heap after
{Heap after GC invocations=206 (full 1):
 PSYoungGen      total 3584K, used 1288K [0x00000000d5580000, 0x00000000d5b00000, 0x0000000100000000)
  eden space 2048K, 0% used [0x00000000d5580000,0x00000000d5580000,0x00000000d5780000)
  from space 1536K, 83% used [0x00000000d5780000,0x00000000d58c2000,0x00000000d5900000)
  to   space 1536K, 0% used [0x00000000d5980000,0x00000000d5980000,0x00000000d5b00000)
 ParOldGen       total 242176K, used 241730K [0x0000000080000000, 0x000000008ec80000, 0x00000000d5580000)
  object space 242176K, 99% used [0x0000000080000000,0x000000008ec10ab8,0x000000008ec80000)
 Metaspace       used 27161K, committed 28224K, reserved 1114112K
  class space    used 2397K, committed 2816K, reserved 1048576K
}
Event: 44.655 GC heap before
{Heap before GC invocations=207 (full 1):
 PSYoungGen      total 3584K, used 3336K [0x00000000d5580000, 0x00000000d5b00000, 0x0000000100000000)
  eden space 2048K, 100% used [0x00000000d5580000,0x00000000d5780000,0x00000000d5780000)
  from space 1536K, 83% used [0x00000000d5780000,0x00000000d58c2000,0x00000000d5900000)
  to   space 1536K, 0% used [0x00000000d5980000,0x00000000d5980000,0x00000000d5b00000)
 ParOldGen       total 242176K, used 241730K [0x0000000080000000, 0x000000008ec80000, 0x00000000d5580000)
  object space 242176K, 99% used [0x0000000080000000,0x000000008ec10ab8,0x000000008ec80000)
 Metaspace       used 27181K, committed 28224K, reserved 1114112K
  class space    used 2397K, committed 2816K, reserved 1048576K
}
Event: 44.657 GC heap after
{Heap after GC invocations=207 (full 1):
 PSYoungGen      total 4096K, used 1248K [0x00000000d5580000, 0x00000000d5b00000, 0x0000000100000000)
  eden space 2560K, 0% used [0x00000000d5580000,0x00000000d5580000,0x00000000d5800000)
  from space 1536K, 81% used [0x00000000d5980000,0x00000000d5ab8000,0x00000000d5b00000)
  to   space 1536K, 0% used [0x00000000d5800000,0x00000000d5800000,0x00000000d5980000)
 ParOldGen       total 243200K, used 242706K [0x0000000080000000, 0x000000008ed80000, 0x00000000d5580000)
  object space 243200K, 99% used [0x0000000080000000,0x000000008ed04ac8,0x000000008ed80000)
 Metaspace       used 27181K, committed 28224K, reserved 1114112K
  class space    used 2397K, committed 2816K, reserved 1048576K
}
Event: 45.040 GC heap before
{Heap before GC invocations=208 (full 1):
 PSYoungGen      total 4096K, used 3807K [0x00000000d5580000, 0x00000000d5b00000, 0x0000000100000000)
  eden space 2560K, 99% used [0x00000000d5580000,0x00000000d57fff90,0x00000000d5800000)
  from space 1536K, 81% used [0x00000000d5980000,0x00000000d5ab8000,0x00000000d5b00000)
  to   space 1536K, 0% used [0x00000000d5800000,0x00000000d5800000,0x00000000d5980000)
 ParOldGen       total 243200K, used 242706K [0x0000000080000000, 0x000000008ed80000, 0x00000000d5580000)
  object space 243200K, 99% used [0x0000000080000000,0x000000008ed04ac8,0x000000008ed80000)
 Metaspace       used 27215K, committed 28224K, reserved 1114112K
  class space    used 2397K, committed 2816K, reserved 1048576K
}
Event: 45.042 GC heap after
{Heap after GC invocations=208 (full 1):
 PSYoungGen      total 3072K, used 352K [0x00000000d5580000, 0x00000000d5a00000, 0x0000000100000000)
  eden space 2560K, 0% used [0x00000000d5580000,0x00000000d5580000,0x00000000d5800000)
  from space 512K, 68% used [0x00000000d5800000,0x00000000d5858000,0x00000000d5880000)
  to   space 1024K, 0% used [0x00000000d5900000,0x00000000d5900000,0x00000000d5a00000)
 ParOldGen       total 244224K, used 243898K [0x0000000080000000, 0x000000008ee80000, 0x00000000d5580000)
  object space 244224K, 99% used [0x0000000080000000,0x000000008ee2eac8,0x000000008ee80000)
 Metaspace       used 27215K, committed 28224K, reserved 1114112K
  class space    used 2397K, committed 2816K, reserved 1048576K
}
Event: 45.500 GC heap before
{Heap before GC invocations=209 (full 1):
 PSYoungGen      total 3072K, used 2911K [0x00000000d5580000, 0x00000000d5a00000, 0x0000000100000000)
  eden space 2560K, 99% used [0x00000000d5580000,0x00000000d57ffff0,0x00000000d5800000)
  from space 512K, 68% used [0x00000000d5800000,0x00000000d5858000,0x00000000d5880000)
  to   space 1024K, 0% used [0x00000000d5900000,0x00000000d5900000,0x00000000d5a00000)
 ParOldGen       total 244224K, used 243898K [0x0000000080000000, 0x000000008ee80000, 0x00000000d5580000)
  object space 244224K, 99% used [0x0000000080000000,0x000000008ee2eac8,0x000000008ee80000)
 Metaspace       used 27229K, committed 28288K, reserved 1114112K
  class space    used 2397K, committed 2816K, reserved 1048576K
}
Event: 45.502 GC heap after
{Heap after GC invocations=209 (full 1):
 PSYoungGen      total 3584K, used 704K [0x00000000d5580000, 0x00000000d5a00000, 0x0000000100000000)
  eden space 2560K, 0% used [0x00000000d5580000,0x00000000d5580000,0x00000000d5800000)
  from space 1024K, 68% used [0x00000000d5900000,0x00000000d59b0020,0x00000000d5a00000)
  to   space 1024K, 0% used [0x00000000d5800000,0x00000000d5800000,0x00000000d5900000)
 ParOldGen       total 244224K, used 244097K [0x0000000080000000, 0x000000008ee80000, 0x00000000d5580000)
  object space 244224K, 99% used [0x0000000080000000,0x000000008ee60768,0x000000008ee80000)
 Metaspace       used 27229K, committed 28288K, reserved 1114112K
  class space    used 2397K, committed 2816K, reserved 1048576K
}

