<?xml version="1.0" encoding="UTF-8"?>
<testsuite xmlns:xsi="http://www.w3.org/2001/XMLSchema-instance" xsi:noNamespaceSchemaLocation="https://maven.apache.org/surefire/maven-surefire-plugin/xsd/surefire-test-report.xsd" name="com.project.TxtReportStrategyTest" time="0.292" tests="8" errors="0" skipped="0" failures="0">
  <properties>
[...]
</properties>
  <testcase name="testGenerateReportCreatesFile" classname="com.project.TxtReportStrategyTest" time="0.119"/>
  <testcase name="testGenerateReportContainsPlayerScores" classname="com.project.TxtReportStrategyTest" time="0.033"/>
  <testcase name="testGenerateReportWithEmptyTurns" classname="com.project.TxtReportStrategyTest" time="0.019"/>
  <testcase name="testGenerateReportWithTableHeaders" classname="com.project.TxtReportStrategyTest" time="0.021"/>
  <testcase name="testGenerateReportHasProperFormatting" classname="com.project.TxtReportStrategyTest" time="0.017"/>
  <testcase name="testGenerateReportWithEmptyPlayers" classname="com.project.TxtReportStrategyTest" time="0.007"/>
  <testcase name="testGenerateReportPrintsSuccessMessage" classname="com.project.TxtReportStrategyTest" time="0.004"/>
  <testcase name="testGenerateReportContainsTurnDetails" classname="com.project.TxtReportStrategyTest" time="0.019"/>
</testsuite>