<?xml version="1.0" encoding="UTF-8"?>
<testsuite xmlns:xsi="http://www.w3.org/2001/XMLSchema-instance" xsi:noNamespaceSchemaLocation="https://maven.apache.org/surefire/maven-surefire-plugin/xsd/surefire-test-report.xsd" name="com.project.PlayTurntest" time="0.16" tests="4" errors="0" skipped="0" failures="0">
  <properties>
[...]
</properties>
  <testcase name="testSwitchPlayer" classname="com.project.PlayTurntest" time="0.045"/>
  <testcase name="testAddPlayers_invalidThenValidInput" classname="com.project.PlayTurntest" time="0"/>
  <testcase name="testQuitGame" classname="com.project.PlayTurntest" time="0.003"/>
  <testcase name="testAddPlayers_validInput" classname="com.project.PlayTurntest" time="0.002"/>
</testsuite>